--------------------
af af-nso-cso Central Statistics Organization
http://api.ror.org/organizations?filter=types:Government,country.country_code:AF&query=%22Central Statistics Organization%22
No match found
--------------------
al al-nso-instat Institute of Statistics
http://api.ror.org/organizations?filter=types:Government,country.country_code:AL&query=%22Institute of Statistics%22
No match found
--------------------
dz dz-nso-ons Office Naitonal des Statistiques
http://api.ror.org/organizations?filter=types:Government,country.country_code:DZ&query=%22Office Naitonal des Statistiques%22
No match found
--------------------
ad ad-nso-de Departament d'Estadistica
http://api.ror.org/organizations?filter=types:Government,country.country_code:AD&query=%22Departament d'Estadistica%22
No match found
--------------------
ai ai-nso-su Statistics Unit
http://api.ror.org/organizations?filter=types:Government,country.country_code:AI&query=%22Statistics Unit%22
No match found
--------------------
ar ar-nso-indec Instituto Nacional de Estadistica y Censos
http://api.ror.org/organizations?filter=types:Government,country.country_code:AR&query=%22Instituto Nacional de Estadistica y Censos%22
No match found
--------------------
am am-nso-nss National Statistical Service of the Republic of Armenia
http://api.ror.org/organizations?filter=types:Government,country.country_code:AM&query=%22National Statistical Service of the Republic of Armenia%22
No match found
--------------------
au au-nso-abs Australian Bureau of Statistics
http://api.ror.org/organizations?filter=types:Government,country.country_code:AU&query=%22Australian Bureau of Statistics%22
ROR id already set
--------------------
at at-nso-sa Statistics Austria
http://api.ror.org/organizations?filter=types:Government,country.country_code:AT&query=%22Statistics Austria%22
ROR id already set
--------------------
az az-nso-ssc The State Statistical Committee of the Republic of Azerbaijan
http://api.ror.org/organizations?filter=types:Government,country.country_code:AZ&query=%22The State Statistical Committee of the Republic of Azerbaijan%22
No match found
--------------------
bs bs-nso-dos Department of Statistics
http://api.ror.org/organizations?filter=types:Government,country.country_code:BS&query=%22Department of Statistics%22
No match found
--------------------
bh bh-nso-cio Central Informatics Organisation
http://api.ror.org/organizations?filter=types:Government,country.country_code:BH&query=%22Central Informatics Organisation%22
No match found
--------------------
bd bd-nso-bbs Bangladesh Bureau of Statistics
http://api.ror.org/organizations?filter=types:Government,country.country_code:BD&query=%22Bangladesh Bureau of Statistics%22
No match found
--------------------
by by-nso-nsc National Statistical Committee
http://api.ror.org/organizations?filter=types:Government,country.country_code:BY&query=%22National Statistical Committee%22
No match found
--------------------
be be-nso-sb Statistics Belgium
http://api.ror.org/organizations?filter=types:Government,country.country_code:BE&query=%22Statistics Belgium%22
Unique match found
ROR id set
ROR JSON saved
--------------------
bz bz-nso-sib Statistical Institute of Belize
http://api.ror.org/organizations?filter=types:Government,country.country_code:BZ&query=%22Statistical Institute of Belize%22
No match found
--------------------
bj bj-nso-insae Institut National de la Statistique et de L'Analyse Economique
http://api.ror.org/organizations?filter=types:Government,country.country_code:BJ&query=%22Institut National de la Statistique et de L'Analyse Economique%22
No match found
--------------------
bt bt-nso-nsb National Statistics Bureau
http://api.ror.org/organizations?filter=types:Government,country.country_code:BT&query=%22National Statistics Bureau%22
No match found
--------------------
bo bo-nso-ine Instituto Nacional de Estadistica
http://api.ror.org/organizations?filter=types:Government,country.country_code:BO&query=%22Instituto Nacional de Estadistica%22
No match found
--------------------
ba ba-nso-as Agencija za Statistiku
http://api.ror.org/organizations?filter=types:Government,country.country_code:BA&query=%22Agencija za Statistiku%22
No match found
--------------------
ba ba-nso-fzs Federal Office of Statistics
http://api.ror.org/organizations?filter=types:Government,country.country_code:BA&query=%22Federal Office of Statistics%22
No match found
--------------------
bw bw-nso-cso Central Statistics Office
http://api.ror.org/organizations?filter=types:Government,country.country_code:BW&query=%22Central Statistics Office%22
No match found
--------------------
br br-nso-ibge Instituto Brasileiro de Geografia e Estatistica
http://api.ror.org/organizations?filter=types:Government,country.country_code:BR&query=%22Instituto Brasileiro de Geografia e Estatistica%22
Unique match found
ROR id set
ROR JSON saved
--------------------
bg bg-nso-nsi National Statistical Institute
http://api.ror.org/organizations?filter=types:Government,country.country_code:BG&query=%22National Statistical Institute%22
No match found
--------------------
bf bf-nso-insd Institut National de la Statistique et de la Demographie
http://api.ror.org/organizations?filter=types:Government,country.country_code:BF&query=%22Institut National de la Statistique et de la Demographie%22
No match found
--------------------
mm mm-nso-cso Central Statistical Organization
http://api.ror.org/organizations?filter=types:Government,country.country_code:MM&query=%22Central Statistical Organization%22
No match found
--------------------
kh kh-nso-nis National Institute of Statistics
http://api.ror.org/organizations?filter=types:Government,country.country_code:KH&query=%22National Institute of Statistics%22
No match found
--------------------
cm cm-nso-insc Institut National de la Statistique du Cameron
http://api.ror.org/organizations?filter=types:Government,country.country_code:CM&query=%22Institut National de la Statistique du Cameron%22
No match found
--------------------
ca ca-nso-statcan Statistics Canada
http://api.ror.org/organizations?filter=types:Government,country.country_code:CA&query=%22Statistics Canada%22
ROR id already set
--------------------
cv cv-nso-ine Instituto Nacional de Estatistica
http://api.ror.org/organizations?filter=types:Government,country.country_code:CV&query=%22Instituto Nacional de Estatistica%22
No match found
--------------------
ky ky-nso-eso Economics and Statistics Office
http://api.ror.org/organizations?filter=types:Government,country.country_code:KY&query=%22Economics and Statistics Office%22
No match found
--------------------
cf cf-nso-dgsees Direction Generale de la Statisque, des Etudes Economiques et Sociales
http://api.ror.org/organizations?filter=types:Government,country.country_code:CF&query=%22Direction Generale de la Statisque, des Etudes Economiques et Sociales%22
No match found
--------------------
td td-nso-inseed Institut National de la Statistique, des Etudes Economiques et Demographiques
http://api.ror.org/organizations?filter=types:Government,country.country_code:TD&query=%22Institut National de la Statistique, des Etudes Economiques et Demographiques%22
No match found
--------------------
cl cl-nso-ine Instituto National de Estadisticas
http://api.ror.org/organizations?filter=types:Government,country.country_code:CL&query=%22Instituto National de Estadisticas%22
No match found
--------------------
cn cn-nso-nbs National Bureau of Statistics of China
http://api.ror.org/organizations?filter=types:Government,country.country_code:CN&query=%22National Bureau of Statistics of China%22
No match found
--------------------
hk hk-nso-csd Census and Statistics Department
http://api.ror.org/organizations?filter=types:Government,country.country_code:HK&query=%22Census and Statistics Department%22
No match found
--------------------
mo mo-nso-scs Statistics and Census Service
http://api.ror.org/organizations?filter=types:Government,country.country_code:MO&query=%22Statistics and Census Service%22
No match found
--------------------
co co-nso-dane Departmento Administrativo Nacional de Estadistica
http://api.ror.org/organizations?filter=types:Government,country.country_code:CO&query=%22Departmento Administrativo Nacional de Estadistica%22
No match found
--------------------
mp mp-nso-csd Central Statistics Division
http://api.ror.org/organizations?filter=types:Government,country.country_code:MP&query=%22Central Statistics Division%22
No match found
--------------------
cd cd-nso-cnsee Centre National de la Statisque et des Etudes Economiques
http://api.ror.org/organizations?filter=types:Government,country.country_code:CD&query=%22Centre National de la Statisque et des Etudes Economiques%22
No match found
--------------------
cr cr-nso-inec Instituto de Estadistica y Censos
http://api.ror.org/organizations?filter=types:Government,country.country_code:CR&query=%22Instituto de Estadistica y Censos%22
No match found
--------------------
ci ci-nso-ins Institut National de la Statistique
http://api.ror.org/organizations?filter=types:Government,country.country_code:CI&query=%22Institut National de la Statistique%22
No match found
--------------------
hr hr-nso-dzs Drzavni Zavod za Statistiku
http://api.ror.org/organizations?filter=types:Government,country.country_code:HR&query=%22Drzavni Zavod za Statistiku%22
No match found
--------------------
cy cy-nso-ss Statistical Service
http://api.ror.org/organizations?filter=types:Government,country.country_code:CY&query=%22Statistical Service%22
Unique match found
ROR id set
ROR JSON saved
--------------------
cz cz-nso-csu Cesky Statisticky Urad
http://api.ror.org/organizations?filter=types:Government,country.country_code:CZ&query=%22Cesky Statisticky Urad%22
Unique match found
ROR id set
ROR JSON saved
--------------------
dk dk-nso-ds Danmarks Statistik
http://api.ror.org/organizations?filter=types:Government,country.country_code:DK&query=%22Danmarks Statistik%22
Unique match found
ROR id set
ROR JSON saved
--------------------
dj dj-nso-stat Ministere de l'Economique et des Finances
http://api.ror.org/organizations?filter=types:Government,country.country_code:DJ&query=%22Ministere de l'Economique et des Finances%22
No match found
--------------------
do do-nso-one Oficina Nacional de Estadistica
http://api.ror.org/organizations?filter=types:Government,country.country_code:DO&query=%22Oficina Nacional de Estadistica%22
No match found
--------------------
ec ec-nso-inec Instituto Nacional de Estadistica y Censos
http://api.ror.org/organizations?filter=types:Government,country.country_code:EC&query=%22Instituto Nacional de Estadistica y Censos%22
No match found
--------------------
eg eg-nso-capms Central Agency for Public Mobilization and Statistics
http://api.ror.org/organizations?filter=types:Government,country.country_code:EG&query=%22Central Agency for Public Mobilization and Statistics%22
No match found
--------------------
sv sv-nso-me Ministerio de Economia
http://api.ror.org/organizations?filter=types:Government,country.country_code:SV&query=%22Ministerio de Economia%22
No match found
--------------------
ee ee-nso-sa Statistical Office
http://api.ror.org/organizations?filter=types:Government,country.country_code:EE&query=%22Statistical Office%22
No match found
--------------------
et et-nso-csa Central Statistical Agency of Ethiopia
http://api.ror.org/organizations?filter=types:Government,country.country_code:ET&query=%22Central Statistical Agency of Ethiopia%22
No match found
--------------------
gq gq-nso-dgecn Direccion General de Estadistica y Cuentas Nacionales
http://api.ror.org/organizations?filter=types:Government,country.country_code:GQ&query=%22Direccion General de Estadistica y Cuentas Nacionales%22
No match found
SKIPPED eurostat: no group/id
--------------------
fj fj-nso-bs Fiji Bureau of Statistics
http://api.ror.org/organizations?filter=types:Government,country.country_code:FJ&query=%22Fiji Bureau of Statistics%22
No match found
--------------------
fi fi-nso-sf Statistics Finland
http://api.ror.org/organizations?filter=types:Government,country.country_code:FI&query=%22Statistics Finland%22
No match found
--------------------
fr fr-nso-insee Institut National de la Statistique et des Etudes Economiques
http://api.ror.org/organizations?filter=types:Government,country.country_code:FR&query=%22Institut National de la Statistique et des Etudes Economiques%22
No match found
--------------------
fr fr-nso-ined Institut national d'etudes demographiques
http://api.ror.org/organizations?filter=types:Government,country.country_code:FR&query=%22Institut national d'etudes demographiques%22
No match found
--------------------
pf pf-nso-ispf Institut de la Statistique de la Polynesie Francaise
http://api.ror.org/organizations?filter=types:Government,country.country_code:PF&query=%22Institut de la Statistique de la Polynesie Francaise%22
No match found
--------------------
ga ga-nso-dgs Direction Generale des Statistiques
http://api.ror.org/organizations?filter=types:Government,country.country_code:GA&query=%22Direction Generale des Statistiques%22
No match found
--------------------
gm gm-nso-csd Central Statistics Department
http://api.ror.org/organizations?filter=types:Government,country.country_code:GM&query=%22Central Statistics Department%22
No match found
--------------------
ge ge-nso-nso GEOSTAT National Statistics Office
http://api.ror.org/organizations?filter=types:Government,country.country_code:GE&query=%22GEOSTAT National Statistics Office%22
No match found
--------------------
de de-nso-statis Statistisches Bundesamt Deutschland
http://api.ror.org/organizations?filter=types:Government,country.country_code:DE&query=%22Statistisches Bundesamt Deutschland%22
No match found
--------------------
gh gh-nso-ss Ghana Statistical Service
http://api.ror.org/organizations?filter=types:Government,country.country_code:GH&query=%22Ghana Statistical Service%22
No match found
SKIPPED gi-is: no group/id
--------------------
gr gr-nso-hsa Hellenic Statistical Authority
http://api.ror.org/organizations?filter=types:Government,country.country_code:GR&query=%22Hellenic Statistical Authority%22
No match found
--------------------
gl gl-nso-stat Statistics Greenland
http://api.ror.org/organizations?filter=types:Government,country.country_code:GL&query=%22Statistics Greenland%22
No match found
--------------------
gt gt-nso-ine Instituto Nacional de Estadistica
http://api.ror.org/organizations?filter=types:Government,country.country_code:GT&query=%22Instituto Nacional de Estadistica%22
No match found
--------------------
gn gn-nso-ins Institut National de la Statistique
http://api.ror.org/organizations?filter=types:Government,country.country_code:GN&query=%22Institut National de la Statistique%22
No match found
--------------------
gw gw-nso-ine Instituto Nacional de Estatistica
http://api.ror.org/organizations?filter=types:Government,country.country_code:GW&query=%22Instituto Nacional de Estatistica%22
No match found
--------------------
gy gy-nso-bs Bureau of Statistics
http://api.ror.org/organizations?filter=types:Government,country.country_code:GY&query=%22Bureau of Statistics%22
No match found
--------------------
ht ht-nso-ihsi Institut Haitien de Statistique et d'Informatique
http://api.ror.org/organizations?filter=types:Government,country.country_code:HT&query=%22Institut Haitien de Statistique et d'Informatique%22
No match found
--------------------
hu hu-nso-cso Hungarian Central Statistical Office
http://api.ror.org/organizations?filter=types:Government,country.country_code:HU&query=%22Hungarian Central Statistical Office%22
No match found
--------------------
is is-nso-stat Statistics Iceland
http://api.ror.org/organizations?filter=types:Government,country.country_code:IS&query=%22Statistics Iceland%22
No match found
--------------------
in in-nso-mspi Ministry of Statistics and Programme Imnplementation
http://api.ror.org/organizations?filter=types:Government,country.country_code:IN&query=%22Ministry of Statistics and Programme Imnplementation%22
No match found
--------------------
id id-nso-bps Badan Pusat Statistik
http://api.ror.org/organizations?filter=types:Government,country.country_code:ID&query=%22Badan Pusat Statistik%22
Unique match found
ROR id set
ROR JSON saved
--------------------
ir ir-nso-sci Statistical Centre of Iran
http://api.ror.org/organizations?filter=types:Government,country.country_code:IR&query=%22Statistical Centre of Iran%22
No match found
--------------------
iq iq-nso-cos Central Organization for Statistics
http://api.ror.org/organizations?filter=types:Government,country.country_code:IQ&query=%22Central Organization for Statistics%22
No match found
--------------------
ie ie-nso-cso Central Statistics Office Ireland
http://api.ror.org/organizations?filter=types:Government,country.country_code:IE&query=%22Central Statistics Office Ireland%22
No match found
--------------------
il il-nso-cbs Central Bureau of Statistics
http://api.ror.org/organizations?filter=types:Government,country.country_code:IL&query=%22Central Bureau of Statistics%22
No match found
--------------------
it it-nso-stat IStat
http://api.ror.org/organizations?filter=types:Government,country.country_code:IT&query=%22IStat%22
No match found
--------------------
jm jm-nso-sij Statistical Institute of Jamaica
http://api.ror.org/organizations?filter=types:Government,country.country_code:JM&query=%22Statistical Institute of Jamaica%22
No match found
--------------------
jp jp-nso-sb Statistics Bureau
http://api.ror.org/organizations?filter=types:Government,country.country_code:JP&query=%22Statistics Bureau%22
No match found
--------------------
jo jo-nso-dos Department of Statistics
http://api.ror.org/organizations?filter=types:Government,country.country_code:JO&query=%22Department of Statistics%22
No match found
--------------------
kz kz-nso-aos The Agency of Statistics of the Republic of Kazakhstan
http://api.ror.org/organizations?filter=types:Government,country.country_code:KZ&query=%22The Agency of Statistics of the Republic of Kazakhstan%22
No match found
--------------------
ke ke-nso-nbs Kenya National Bureau of Statistics
http://api.ror.org/organizations?filter=types:Government,country.country_code:KE&query=%22Kenya National Bureau of Statistics%22
No match found
--------------------
ki ki-nso-nso Kiribati National Statistics Office
http://api.ror.org/organizations?filter=types:Government,country.country_code:KI&query=%22Kiribati National Statistics Office%22
No match found
--------------------
kr kr-nso-sk Statistics Korea
http://api.ror.org/organizations?filter=types:Government,country.country_code:KR&query=%22Statistics Korea%22
Unique match found
ROR id set
ROR JSON saved
--------------------
xk xk-nso-sa Statistical Agency of Kosovo
http://api.ror.org/organizations?filter=types:Government,country.country_code:XK&query=%22Statistical Agency of Kosovo%22
No match found
--------------------
kw kw-nso-cso Central Statistical Office
http://api.ror.org/organizations?filter=types:Government,country.country_code:KW&query=%22Central Statistical Office%22
No match found
--------------------
la la-nso-lsb Lao Statistics Bureau
http://api.ror.org/organizations?filter=types:Government,country.country_code:LA&query=%22Lao Statistics Bureau%22
No match found
--------------------
lv lv-nso-csb Central Statistical Bureau
http://api.ror.org/organizations?filter=types:Government,country.country_code:LV&query=%22Central Statistical Bureau%22
No match found
--------------------
lb lb-nso-cas Central Administration of Statistics
http://api.ror.org/organizations?filter=types:Government,country.country_code:LB&query=%22Central Administration of Statistics%22
No match found
--------------------
ls ls-nso-bos Lesotho Bureau of Statistics
http://api.ror.org/organizations?filter=types:Government,country.country_code:LS&query=%22Lesotho Bureau of Statistics%22
No match found
--------------------
lr lr-nso-lisgis Liberia Institute of Statistics and Geo-information Services
http://api.ror.org/organizations?filter=types:Government,country.country_code:LR&query=%22Liberia Institute of Statistics and Geo-information Services%22
No match found
--------------------
lt lt-nso-stat Statistics Lithuania
http://api.ror.org/organizations?filter=types:Government,country.country_code:LT&query=%22Statistics Lithuania%22
No match found
--------------------
lu lu-nso-statec Institut National de la Statistique et des Etudes Economiques
http://api.ror.org/organizations?filter=types:Government,country.country_code:LU&query=%22Institut National de la Statistique et des Etudes Economiques%22
No match found
--------------------
mk mk-nso-sso State Statistial Office
http://api.ror.org/organizations?filter=types:Government,country.country_code:MK&query=%22State Statistial Office%22
No match found
--------------------
mg mg-nso-instat Institut National de la Statistique de Madagascar
http://api.ror.org/organizations?filter=types:Government,country.country_code:MG&query=%22Institut National de la Statistique de Madagascar%22
No match found
--------------------
mw mw-nso-nso National Statistical Office of Malawi
http://api.ror.org/organizations?filter=types:Government,country.country_code:MW&query=%22National Statistical Office of Malawi%22
No match found
--------------------
my my-nso-dos Department of Statistics
http://api.ror.org/organizations?filter=types:Government,country.country_code:MY&query=%22Department of Statistics%22
No match found
--------------------
mv mv-nso-dnp Department of National Planning
http://api.ror.org/organizations?filter=types:Government,country.country_code:MV&query=%22Department of National Planning%22
No match found
--------------------
ml ml-nso-instat Institut National de la Statistique
http://api.ror.org/organizations?filter=types:Government,country.country_code:ML&query=%22Institut National de la Statistique%22
No match found
--------------------
mt mt-nso-nso National Statistics Office
http://api.ror.org/organizations?filter=types:Government,country.country_code:MT&query=%22National Statistics Office%22
No match found
--------------------
mh mh-nso-eppso Economic Policy-Planning and Statistics Office
http://api.ror.org/organizations?filter=types:Government,country.country_code:MH&query=%22Economic Policy-Planning and Statistics Office%22
No match found
--------------------
mr mr-nso-ons Office National de la Statistique
http://api.ror.org/organizations?filter=types:Government,country.country_code:MR&query=%22Office National de la Statistique%22
No match found
SKIPPED mu-sm: no group/id
--------------------
mx mx-nso-inegi Instituto Nacional de Estadistica y Geografia
http://api.ror.org/organizations?filter=types:Government,country.country_code:MX&query=%22Instituto Nacional de Estadistica y Geografia%22
ROR id already set
--------------------
fm fm-nso-dos Division of Statistics
http://api.ror.org/organizations?filter=types:Government,country.country_code:FM&query=%22Division of Statistics%22
No match found
--------------------
md md-nso-nbs National Bureau of Statistics
http://api.ror.org/organizations?filter=types:Government,country.country_code:MD&query=%22National Bureau of Statistics%22
No match found
--------------------
mn mn-nso-nso National Statistical Office
http://api.ror.org/organizations?filter=types:Government,country.country_code:MN&query=%22National Statistical Office%22
No match found
--------------------
me me-nso-monstat Statistical Office of Montenegro
http://api.ror.org/organizations?filter=types:Government,country.country_code:ME&query=%22Statistical Office of Montenegro%22
No match found
--------------------
ma ma-nso-hcp Haut-Commissariat au Plan
http://api.ror.org/organizations?filter=types:Government,country.country_code:MA&query=%22Haut-Commissariat au Plan%22
No match found
--------------------
mz mz-nso-ine Instituto Nacional de Estatistica
http://api.ror.org/organizations?filter=types:Government,country.country_code:MZ&query=%22Instituto Nacional de Estatistica%22
No match found
--------------------
na na-nso-cbs Central Bureau of Statistics
http://api.ror.org/organizations?filter=types:Government,country.country_code:NA&query=%22Central Bureau of Statistics%22
No match found
--------------------
nr nr-nso-bos Nauru Bureau of Statistics
http://api.ror.org/organizations?filter=types:Government,country.country_code:NR&query=%22Nauru Bureau of Statistics%22
No match found
--------------------
np np-nso-CBS Central Bureau of Statistics
http://api.ror.org/organizations?filter=types:Government,country.country_code:NP&query=%22Central Bureau of Statistics%22
No match found
--------------------
nl nl-nso-sn Statistics Netherlands
http://api.ror.org/organizations?filter=types:Government,country.country_code:NL&query=%22Statistics Netherlands%22
No match found
--------------------
nc nc-nso-isee Institut de la Statistique et des Etudes Economiques
http://api.ror.org/organizations?filter=types:Government,country.country_code:NC&query=%22Institut de la Statistique et des Etudes Economiques%22
No match found
--------------------
nz nz-nso-snz Statistics New Zealand
http://api.ror.org/organizations?filter=types:Government,country.country_code:NZ&query=%22Statistics New Zealand%22
ROR id already set
--------------------
ni ni-nso-inide Instituto Nacional de Informacion de Desarrollo
http://api.ror.org/organizations?filter=types:Government,country.country_code:NI&query=%22Instituto Nacional de Informacion de Desarrollo%22
No match found
--------------------
ne ne-nso-INS Institut National de la Statistique-Niger
http://api.ror.org/organizations?filter=types:Government,country.country_code:NE&query=%22Institut National de la Statistique-Niger%22
No match found
--------------------
ng ng-nso-nbs National Bureau of Statistics
http://api.ror.org/organizations?filter=types:Government,country.country_code:NG&query=%22National Bureau of Statistics%22
No match found
--------------------
nu nu-nso-stat Niue Statistics
http://api.ror.org/organizations?filter=types:Government,country.country_code:NU&query=%22Niue Statistics%22
No match found
--------------------
no no-nso-SN Statistic Norway
http://api.ror.org/organizations?filter=types:Government,country.country_code:NO&query=%22Statistic Norway%22
No match found
--------------------
pw pw-nso-ops Office of Planning and Statistics
http://api.ror.org/organizations?filter=types:Government,country.country_code:PW&query=%22Office of Planning and Statistics%22
No match found
--------------------
ps ps-nso-cbs Palestinian Central Bureau of Statistics
http://api.ror.org/organizations?filter=types:Government,country.country_code:PS&query=%22Palestinian Central Bureau of Statistics%22
No match found
--------------------
pk pk-nso-meas Ministry of Economic Affairs and Statistics
http://api.ror.org/organizations?filter=types:Government,country.country_code:PK&query=%22Ministry of Economic Affairs and Statistics%22
No match found
--------------------
pa pa-nso-inec Instituto Nacional de Estadistica y Censo
http://api.ror.org/organizations?filter=types:Government,country.country_code:PA&query=%22Instituto Nacional de Estadistica y Censo%22
No match found
--------------------
pg pg-nso-nso National Statistical Office
http://api.ror.org/organizations?filter=types:Government,country.country_code:PG&query=%22National Statistical Office%22
No match found
--------------------
py py-nso-dgeec Direccion General de Estadistica, Encuestas, y Censos
http://api.ror.org/organizations?filter=types:Government,country.country_code:PY&query=%22Direccion General de Estadistica, Encuestas, y Censos%22
No match found
--------------------
pe pe-nso-inei Instituto Nacional de Estadistica e Informatica
http://api.ror.org/organizations?filter=types:Government,country.country_code:PE&query=%22Instituto Nacional de Estadistica e Informatica%22
No match found
--------------------
ph ph-nso-nso National Statistics Office
http://api.ror.org/organizations?filter=types:Government,country.country_code:PH&query=%22National Statistics Office%22
No match found
SKIPPED ph-bas: no group/id
SKIPPED ph-bles: no group/id
--------------------
pl pl-nso-cso Central Statistical Office
http://api.ror.org/organizations?filter=types:Government,country.country_code:PL&query=%22Central Statistical Office%22
No match found
--------------------
pt pt-nso-ine Instituto Nacional de Estatistica
http://api.ror.org/organizations?filter=types:Government,country.country_code:PT&query=%22Instituto Nacional de Estatistica%22
No match found
--------------------
qa qa-nso-sa Statistics Authority
http://api.ror.org/organizations?filter=types:Government,country.country_code:QA&query=%22Statistics Authority%22
No match found
--------------------
ro ro-nso-ins Institutul National de Statistica
http://api.ror.org/organizations?filter=types:Government,country.country_code:RO&query=%22Institutul National de Statistica%22
No match found
--------------------
ru ru-nso-fsss Federal State Statistics Service
http://api.ror.org/organizations?filter=types:Government,country.country_code:RU&query=%22Federal State Statistics Service%22
No match found
--------------------
rw rw-nso-nis National Institute of Statistics of Rwanda
http://api.ror.org/organizations?filter=types:Government,country.country_code:RW&query=%22National Institute of Statistics of Rwanda%22
No match found
--------------------
lc lc-nso-stats Saint Lucian Statistics
http://api.ror.org/organizations?filter=types:Government,country.country_code:LC&query=%22Saint Lucian Statistics%22
No match found
--------------------
ws ws-nso-sbs Samoa Bureau of Statistics
http://api.ror.org/organizations?filter=types:Government,country.country_code:WS&query=%22Samoa Bureau of Statistics%22
No match found
--------------------
sm sm-nso-upe Office of Econonomic Planning, Data Processing, and Statistics
http://api.ror.org/organizations?filter=types:Government,country.country_code:SM&query=%22Office of Econonomic Planning, Data Processing, and Statistics%22
No match found
--------------------
sa sa-nso-cdsi Central Department of Statistics and Information
http://api.ror.org/organizations?filter=types:Government,country.country_code:SA&query=%22Central Department of Statistics and Information%22
No match found
--------------------
sn sn-nso-ansd Agence nationale de la Statistique et de la Demographie
http://api.ror.org/organizations?filter=types:Government,country.country_code:SN&query=%22Agence nationale de la Statistique et de la Demographie%22
No match found
--------------------
rs rs-nso-so Statistical Office of the Republic of Serbia
http://api.ror.org/organizations?filter=types:Government,country.country_code:RS&query=%22Statistical Office of the Republic of Serbia%22
No match found
--------------------
sc sc-nso-nbs National Bureau of Statistics
http://api.ror.org/organizations?filter=types:Government,country.country_code:SC&query=%22National Bureau of Statistics%22
No match found
--------------------
sl sl-nso-ssl Statistics Sierra Leone
http://api.ror.org/organizations?filter=types:Government,country.country_code:SL&query=%22Statistics Sierra Leone%22
No match found
--------------------
sg sg-nso-dos Department of Statistics Singapores
http://api.ror.org/organizations?filter=types:Government,country.country_code:SG&query=%22Department of Statistics Singapores%22
No match found
--------------------
sk sk-nso-so Statistical Office of Slovak Republic
http://api.ror.org/organizations?filter=types:Government,country.country_code:SK&query=%22Statistical Office of Slovak Republic%22
No match found
--------------------
si si-nso-so Statistical Office of the Republic of Slovenia
http://api.ror.org/organizations?filter=types:Government,country.country_code:SI&query=%22Statistical Office of the Republic of Slovenia%22
Unique match found
ROR id set
ROR JSON saved
--------------------
sb sb-nso-nso National Statistics Office
http://api.ror.org/organizations?filter=types:Government,country.country_code:SB&query=%22National Statistics Office%22
No match found
--------------------
za za-nso-stats Statistics South Africa
http://api.ror.org/organizations?filter=types:Government,country.country_code:ZA&query=%22Statistics South Africa%22
No match found
--------------------
es es-nso-ine Instituto Nacional de Estadistica
http://api.ror.org/organizations?filter=types:Government,country.country_code:ES&query=%22Instituto Nacional de Estadistica%22
No match found
SKIPPED es-eustat: no group/id
SKIPPED es-istac: no group/id
--------------------
lk lk-nso-dcs Department of Census and Statistics
http://api.ror.org/organizations?filter=types:Government,country.country_code:LK&query=%22Department of Census and Statistics%22
No match found
--------------------
ss ss-nso-nbs National Bureau of Statistics
http://api.ror.org/organizations?filter=types:Government,country.country_code:SS&query=%22National Bureau of Statistics%22
No match found
--------------------
sr sr-nso-abs Algemeen Bureau voor de Statistiek in Suriname
http://api.ror.org/organizations?filter=types:Government,country.country_code:SR&query=%22Algemeen Bureau voor de Statistiek in Suriname%22
No match found
--------------------
sz sz-nso-gov Government of the Kingdom of Swaziland
http://api.ror.org/organizations?filter=types:Government,country.country_code:SZ&query=%22Government of the Kingdom of Swaziland%22
No match found
--------------------
se se-nso-scb Statistics Sweden
http://api.ror.org/organizations?filter=types:Government,country.country_code:SE&query=%22Statistics Sweden%22
Unique match found
ROR id set
ROR JSON saved
--------------------
ch ch-nso-ss Swiss Statistics
http://api.ror.org/organizations?filter=types:Government,country.country_code:CH&query=%22Swiss Statistics%22
No match found
--------------------
sy sy-nso-cbs Central Bureau of Statistics
http://api.ror.org/organizations?filter=types:Government,country.country_code:SY&query=%22Central Bureau of Statistics%22
No match found
--------------------
tw tw-nso-ns National Statistics
http://api.ror.org/organizations?filter=types:Government,country.country_code:TW&query=%22National Statistics%22
No match found
--------------------
tj tj-nso-stat Satistical Agency
http://api.ror.org/organizations?filter=types:Government,country.country_code:TJ&query=%22Satistical Agency%22
No match found
--------------------
tz tz-nso-nbs National Bureau of Statistics
http://api.ror.org/organizations?filter=types:Government,country.country_code:TZ&query=%22National Bureau of Statistics%22
No match found
--------------------
th th-nso-nso National Statistical Office
http://api.ror.org/organizations?filter=types:Government,country.country_code:TH&query=%22National Statistical Office%22
No match found
--------------------
tl tl-nso-dne National Statistics Directorate
http://api.ror.org/organizations?filter=types:Government,country.country_code:TL&query=%22National Statistics Directorate%22
No match found
--------------------
tg tg-nso-dgscn Direction Generale de la Statistique et de la Comptabilite Nationale
http://api.ror.org/organizations?filter=types:Government,country.country_code:TG&query=%22Direction Generale de la Statistique et de la Comptabilite Nationale%22
No match found
--------------------
tk tk-nso-su Tokelau Statistics Unit
http://api.ror.org/organizations?filter=types:Government,country.country_code:TK&query=%22Tokelau Statistics Unit%22
No match found
--------------------
to to-nso-dos Tonga Department of Statistics
http://api.ror.org/organizations?filter=types:Government,country.country_code:TO&query=%22Tonga Department of Statistics%22
No match found
--------------------
tn tn-nso-nis National Institute of Statistics
http://api.ror.org/organizations?filter=types:Government,country.country_code:TN&query=%22National Institute of Statistics%22
No match found
--------------------
tr tr-nso-tsi Turkish Statistical Institute
http://api.ror.org/organizations?filter=types:Government,country.country_code:TR&query=%22Turkish Statistical Institute%22
No match found
SKIPPED trnc-spo: no group/id
SKIPPED turk-stat: no group/id
SKIPPED tc-deps: no group/id
--------------------
tv tv-nso-csd Central Statistics Division
http://api.ror.org/organizations?filter=types:Government,country.country_code:TV&query=%22Central Statistics Division%22
No match found
--------------------
ug ug-nso-bos Uganda Bureau of Statistics
http://api.ror.org/organizations?filter=types:Government,country.country_code:UG&query=%22Uganda Bureau of Statistics%22
No match found
--------------------
ua ua-nso-sss State Statistics Service of Ukraine
http://api.ror.org/organizations?filter=types:Government,country.country_code:UA&query=%22State Statistics Service of Ukraine%22
No match found
--------------------
ae ae-nso-moe Ministry of Economy
http://api.ror.org/organizations?filter=types:Government,country.country_code:AE&query=%22Ministry of Economy%22
No match found
SKIPPED uk-sa: no group/id
--------------------
uk uk-nso-ons Office for National Statistics
http://api.ror.org/organizations?filter=types:Government,country.country_code:UK&query=%22Office for National Statistics%22
No match found
SKIPPED uk-nisra: no group/id
--------------------
uk uk-nso-gros General Register Office for Scotland
http://api.ror.org/organizations?filter=types:Government,country.country_code:UK&query=%22General Register Office for Scotland%22
No match found
--------------------
uy uy-nso-ine Instituto Nacional de Estadistica
http://api.ror.org/organizations?filter=types:Government,country.country_code:UY&query=%22Instituto Nacional de Estadistica%22
No match found
--------------------
uz uz-nso-stat The State Committee of the Republic of Uzbekistan on Statistics
http://api.ror.org/organizations?filter=types:Government,country.country_code:UZ&query=%22The State Committee of the Republic of Uzbekistan on Statistics%22
No match found
--------------------
vu vu-nso-nso National Statistics Office
http://api.ror.org/organizations?filter=types:Government,country.country_code:VU&query=%22National Statistics Office%22
No match found
--------------------
ve ve-nso-ine Instituto Nacional de Estadistica
http://api.ror.org/organizations?filter=types:Government,country.country_code:VE&query=%22Instituto Nacional de Estadistica%22
No match found
--------------------
vn vn-nso-gso General Statistics Office
http://api.ror.org/organizations?filter=types:Government,country.country_code:VN&query=%22General Statistics Office%22
No match found
--------------------
ye ye-nso-cso Central Statistical Organisation
http://api.ror.org/organizations?filter=types:Government,country.country_code:YE&query=%22Central Statistical Organisation%22
No match found
--------------------
zm zm-nso-cso Central Statistical Office
http://api.ror.org/organizations?filter=types:Government,country.country_code:ZM&query=%22Central Statistical Office%22
Unique match found
ROR id set
ROR JSON saved
--------------------
bn bn-nso-dos Department of Economic Planning and Development
http://api.ror.org/organizations?filter=types:Government,country.country_code:BN&query=%22Department of Economic Planning and Development%22
No match found
SKIPPED ax-asub: no group/id
SKIPPED fo-stat: no group/id
--------------------
sd sd-nso-cbs Sudan Central Bureau of Statistics
http://api.ror.org/organizations?filter=types:Government,country.country_code:SD&query=%22Sudan Central Bureau of Statistics%22
No match found
SKIPPED st-ine: no group/id
SKIPPED aw-cbs: no group/id
SKIPPED bb-bss: no group/id
SKIPPED bm-gob: no group/id
SKIPPED cw-cbs: no group/id
SKIPPED ck-so: no group/id
SKIPPED us-cdc: no group/id
SKIPPED un-stat: no group/id
SKIPPED un-eca: no group/id
SKIPPED un-escap: no group/id
SKIPPED un-ece: no group/id
SKIPPED un-escwa: no group/id
SKIPPED unicef: no group/id
SKIPPED unctad: no group/id
SKIPPED UNODC: no group/id
SKIPPED UNDP: no group/id
SKIPPED UNEP: no group/id
SKIPPED UNHCR: no group/id
SKIPPED UN-HABITAT: no group/id
SKIPPED UNFPA: no group/id
SKIPPED UN-FAO: no group/id
SKIPPED UN-ILO: no group/id
SKIPPED ITU: no group/id
SKIPPED UN-FCCC: no group/id
SKIPPED UNESCO: no group/id
SKIPPED UN-IDO: no group/id
SKIPPED WHO: no group/id
SKIPPED WIPO: no group/id
SKIPPED WMO: no group/id
SKIPPED UN-WTO: no group/id
SKIPPED afdb-stat: no group/id
SKIPPED afristat: no group/id
SKIPPED aitrs: no group/id
SKIPPED adb-stat: no group/id
SKIPPED bis-stat: no group/id
SKIPPED caricom: no group/id
SKIPPED ecb-stats: no group/id
SKIPPED IAEA: no group/id
SKIPPED iea-stat: no group/id
SKIPPED IMF-stats: no group/id
SKIPPED iom: no group/id
SKIPPED idb-stat: no group/id
SKIPPED oecd: no group/id
SKIPPED opec: no group/id
SKIPPED SESRIC: no group/id
SKIPPED wto-data: no group/id
SKIPPED crdcn: no group/id
SKIPPED ca-um: no group/id
SKIPPED ca-unb: no group/id
SKIPPED ca-du: no group/id
SKIPPED ca-uqam: no group/id
SKIPPED ca-ciqss: no group/id
SKIPPED ca-us: no group/id
SKIPPED ca-mc: no group/id
SKIPPED ca-cool: no group/id
SKIPPED ca-ul: no group/id
SKIPPED ca-mcm: no group/id
SKIPPED ca-uwo: no group/id
SKIPPED ca-york: no group/id
SKIPPED ca-uwin: no group/id
SKIPPED ca-ual: no group/id
SKIPPED ca-uman: no group/id
SKIPPED ca-cal: no group/id
SKIPPED ca-usask: no group/id
SKIPPED ca-sfu: no group/id
SKIPPED ca-uvic: no group/id
SKIPPED ca-ubc: no group/id
SKIPPED ca-swordc: no group/id
SKIPPED ca-queen: no group/id
SKIPPED us-icpsr: no group/id
SKIPPED apdrc-iprc: no group/id
SKIPPED prism: no group/id
SKIPPED tess: no group/id
SKIPPED mx-gto: no group/id
SKIPPED fr-scpo: no group/id
SKIPPED us-data: no group/id
SKIPPED ca-data: no group/id
SKIPPED nz-data: no group/id
SKIPPED au-data: no group/id
SKIPPED ma-donne: no group/id
SKIPPED md-data: no group/id
SKIPPED al-data: no group/id
SKIPPED il-data: no group/id
SKIPPED ke-data: no group/id
SKIPPED espsi-data: no group/id
SKIPPED uk-data: no group/id
SKIPPED fr-data: no group/id
SKIPPED gr-data: no group/id
SKIPPED nl-data: no group/id
SKIPPED lu-data: no group/id
SKIPPED it-data: no group/id
SKIPPED be-data: no group/id
SKIPPED no-data: no group/id
SKIPPED dk-data: no group/id
SKIPPED ee-data: no group/id
SKIPPED es-data: no group/id
SKIPPED pe-data: no group/id
SKIPPED uy-data: no group/id
SKIPPED cl-data: no group/id
SKIPPED at-data: no group/id
SKIPPED bh-data: no group/id
SKIPPED hk-data: no group/id
SKIPPED ie-data: no group/id
SKIPPED kr-data: no group/id
SKIPPED sa-data: no group/id
SKIPPED sg-data: no group/id
SKIPPED ae-data: no group/id
SKIPPED ru-data: no group/id
SKIPPED wb-data: no group/id
SKIPPED br-data: no group/id
SKIPPED pt-data: no group/id
SKIPPED au-assda: no group/id
SKIPPED si-ssd: no group/id
SKIPPED dk-dda: no group/id
SKIPPED nl-dans: no group/id
SKIPPED uk-ukda: no group/id
SKIPPED fi-fsd: no group/id
SKIPPED de-gesis: no group/id
SKIPPED ie-issda: no group/id
SKIPPED se-snd: no group/id
SKIPPED us-ssc: no group/id
SKIPPED no-nsd: no group/id
SKIPPED ca-crdcn: no group/id
SKIPPED us-norc: no group/id
SKIPPED at-wisdom: no group/id
SKIPPED cz-csda: no group/id
SKIPPED fr-rq: no group/id
SKIPPED it-adpss: no group/id
SKIPPED hu-tarki: no group/id
SKIPPED gr-ekke: no group/id
SKIPPED lt-lida: no group/id
SKIPPED lu-ceps: no group/id
SKIPPED us-ncua: no group/id
SKIPPED ro-roda: no group/id
SKIPPED es-arces: no group/id
SKIPPED ch-fors: no group/id
SKIPPED fr-adisp: no group/id
SKIPPED ca-odesi: no group/id
SKIPPED us-ciser: no group/id
SKIPPED uk-dcc: no group/id
SKIPPED il-isdc: no group/id
SKIPPED uk-cls: no group/id
SKIPPED uk-ich: no group/id
SKIPPED us-midus: no group/id
SKIPPED us-mpc: no group/id
SKIPPED un-mdgs: no group/id
