--------------------
us us-gov-acf Administration for Children and Families
http://api.ror.org/organizations?filter=types:Government,country.country_code:US&query=%22Administration for Children and Families%22
ROR id already set
--------------------
us us-gov-aoa Administration on Aging
http://api.ror.org/organizations?filter=types:Government,country.country_code:US&query=%22Administration on Aging%22
No match found
--------------------
us us-gov-ahrq Agency for Healthcare Research and Quality
http://api.ror.org/organizations?filter=types:Government,country.country_code:US&query=%22Agency for Healthcare Research and Quality%22
No match found
--------------------
us us-gov-aid Agency for International Development
http://api.ror.org/organizations?filter=types:Government,country.country_code:US&query=%22Agency for International Development%22
ROR id already set
--------------------
us us-gov-atsdr Agency for Toxic Substances and Disease Registry
http://api.ror.org/organizations?filter=types:Government,country.country_code:US&query=%22Agency for Toxic Substances and Disease Registry%22
No match found
--------------------
us us-gov-ars Agricultural Research Service
http://api.ror.org/organizations?filter=types:Government,country.country_code:US&query=%22Agricultural Research Service%22
ROR id already set
--------------------
us us-gov-corps Army Corps of Engineers
http://api.ror.org/organizations?filter=types:Government,country.country_code:US&query=%22Army Corps of Engineers%22
ROR id already set
--------------------
us us-gov-bbg Broadcasting Board of Governors
http://api.ror.org/organizations?filter=types:Government,country.country_code:US&query=%22Broadcasting Board of Governors%22
No match found
--------------------
us us-gov-cbp Bureau of Customs and Border Protection
http://api.ror.org/organizations?filter=types:Government,country.country_code:US&query=%22Bureau of Customs and Border Protection%22
No match found
--------------------
us us-gov-bea Bureau of Economic Analysis
http://api.ror.org/organizations?filter=types:Government,country.country_code:US&query=%22Bureau of Economic Analysis%22
ROR id already set
--------------------
us us-gov-bjs Bureau of Justice Statistics
http://api.ror.org/organizations?filter=types:Government,country.country_code:US&query=%22Bureau of Justice Statistics%22
No match found
--------------------
us us-gov-bls Bureau of Labor Statistics
http://api.ror.org/organizations?filter=types:Government,country.country_code:US&query=%22Bureau of Labor Statistics%22
ROR id already set
--------------------
us us-gov-bop Bureau of Prisons
http://api.ror.org/organizations?filter=types:Government,country.country_code:US&query=%22Bureau of Prisons%22
No match found
--------------------
us us-gov-bor Bureau of Reclamation
http://api.ror.org/organizations?filter=types:Government,country.country_code:US&query=%22Bureau of Reclamation%22
Unique match found
ROR id set
ROR JSON saved
--------------------
us us-gov-bts Bureau of Transportation Statistics
http://api.ror.org/organizations?filter=types:Government,country.country_code:US&query=%22Bureau of Transportation Statistics%22
No match found
--------------------
us us-gov-cen United States Census Bureau
http://api.ror.org/organizations?filter=types:Government,country.country_code:US&query=%22United States Census Bureau%22
Unique match found
ROR id set
ROR JSON saved
--------------------
us us-gov-cms Centers for Medicare and Medicaid Services
http://api.ror.org/organizations?filter=types:Government,country.country_code:US&query=%22Centers for Medicare and Medicaid Services%22
Unique match found
ROR id set
ROR JSON saved
--------------------
us us-gov-cpsc Consumer Product Safety Commission
http://api.ror.org/organizations?filter=types:Government,country.country_code:US&query=%22Consumer Product Safety Commission%22
Unique match found
ROR id set
ROR JSON saved
--------------------
us us-gov-dmdc Defense Manpower Data Center, Statistical Information Analysis Division
http://api.ror.org/organizations?filter=types:Government,country.country_code:US&query=%22Defense Manpower Data Center, Statistical Information Analysis Division%22
No match found
--------------------
us us-gov-va Department of Veterans Affairs
http://api.ror.org/organizations?filter=types:Government,country.country_code:US&query=%22Department of Veterans Affairs%22
Unique match found
ROR id set
ROR JSON saved
--------------------
us us-gov-dea Drug Enforcement Administration
http://api.ror.org/organizations?filter=types:Government,country.country_code:US&query=%22Drug Enforcement Administration%22
Unique match found
ROR id set
ROR JSON saved
--------------------
us us-gov-ers Economic Research Service
http://api.ror.org/organizations?filter=types:Government,country.country_code:US&query=%22Economic Research Service%22
Unique match found
ROR id set
ROR JSON saved
--------------------
us us-gov-esa Economics and Statistics Administration
http://api.ror.org/organizations?filter=types:Government,country.country_code:US&query=%22Economics and Statistics Administration%22
No match found
--------------------
us us-gov-eta Employment and Training Administration
http://api.ror.org/organizations?filter=types:Government,country.country_code:US&query=%22Employment and Training Administration%22
No match found
--------------------
us us-gov-esa-dol Employment Standards Administration
http://api.ror.org/organizations?filter=types:Government,country.country_code:US&query=%22Employment Standards Administration%22
No match found
--------------------
us us-gov-eia US Energy Information Administration
http://api.ror.org/organizations?filter=types:Government,country.country_code:US&query=%22US Energy Information Administration%22
ROR id already set
--------------------
us us-gov-epa Environmental Protection Agency
http://api.ror.org/organizations?filter=types:Government,country.country_code:US&query=%22Environmental Protection Agency%22
Too many matches (4)
--------------------
us us-gov-eeoc Equal Employment Opportunity Commission
http://api.ror.org/organizations?filter=types:Government,country.country_code:US&query=%22Equal Employment Opportunity Commission%22
Unique match found
ROR id set
ROR JSON saved
--------------------
us us-gov-faa Federal Aviation Administration
http://api.ror.org/organizations?filter=types:Government,country.country_code:US&query=%22Federal Aviation Administration%22
Unique match found
ROR id set
ROR JSON saved
--------------------
us us-gov-fbi Federal Bureau of Investigation
http://api.ror.org/organizations?filter=types:Government,country.country_code:US&query=%22Federal Bureau of Investigation%22
Unique match found
ROR id set
ROR JSON saved
--------------------
us us-gov-fema Federal Emergency Management Agency
http://api.ror.org/organizations?filter=types:Government,country.country_code:US&query=%22Federal Emergency Management Agency%22
Unique match found
ROR id set
ROR JSON saved
--------------------
us us-gov-fhwa Federal Highway Administration
http://api.ror.org/organizations?filter=types:Government,country.country_code:US&query=%22Federal Highway Administration%22
Unique match found
ROR id set
ROR JSON saved
--------------------
us us-gov-fmcsa Federal Motor Carrier Safety Administration
http://api.ror.org/organizations?filter=types:Government,country.country_code:US&query=%22Federal Motor Carrier Safety Administration%22
No match found
--------------------
us us-gov-fra Federal Railroad Administration
http://api.ror.org/organizations?filter=types:Government,country.country_code:US&query=%22Federal Railroad Administration%22
Unique match found
ROR id set
ROR JSON saved
--------------------
us us-gov-fta Federal Transit Administration
http://api.ror.org/organizations?filter=types:Government,country.country_code:US&query=%22Federal Transit Administration%22
Unique match found
ROR id set
ROR JSON saved
--------------------
us us-gov-fws Fish and Wildlife Service
http://api.ror.org/organizations?filter=types:Government,country.country_code:US&query=%22Fish and Wildlife Service%22
Unique match found
ROR id set
ROR JSON saved
--------------------
us us-gov-fns Food and Nutrition Service
http://api.ror.org/organizations?filter=types:Government,country.country_code:US&query=%22Food and Nutrition Service%22
Unique match found
ROR id set
ROR JSON saved
--------------------
us us-gov-fas Foreign Agricultural Service
http://api.ror.org/organizations?filter=types:Government,country.country_code:US&query=%22Foreign Agricultural Service%22
Unique match found
ROR id set
ROR JSON saved
--------------------
us us-gov-fs Forest Service
http://api.ror.org/organizations?filter=types:Government,country.country_code:US&query=%22Forest Service%22
Unique match found
ROR id set
ROR JSON saved
--------------------
us us-gov-hrsa Health Resources and Services Administration
http://api.ror.org/organizations?filter=types:Government,country.country_code:US&query=%22Health Resources and Services Administration%22
Unique match found
ROR id set
ROR JSON saved
--------------------
us us-gov-ihs Indian Health Service
http://api.ror.org/organizations?filter=types:Government,country.country_code:US&query=%22Indian Health Service%22
Unique match found
ROR id set
ROR JSON saved
--------------------
us us-gov-imls Institute of Museum and Library Services
http://api.ror.org/organizations?filter=types:Government,country.country_code:US&query=%22Institute of Museum and Library Services%22
Unique match found
ROR id set
ROR JSON saved
--------------------
us us-gov-child Interagency Forum on Child and Family Statistics
http://api.ror.org/organizations?filter=types:Government,country.country_code:US&query=%22Interagency Forum on Child and Family Statistics%22
No match found
--------------------
us us-gov-ita International Trade Administration
http://api.ror.org/organizations?filter=types:Government,country.country_code:US&query=%22International Trade Administration%22
Unique match found
ROR id set
ROR JSON saved
--------------------
us us-gov-marad Maritime Administration
http://api.ror.org/organizations?filter=types:Government,country.country_code:US&query=%22Maritime Administration%22
Unique match found
ROR id set
ROR JSON saved
--------------------
us us-gov-msha Mine Safety and Health Administration
http://api.ror.org/organizations?filter=types:Government,country.country_code:US&query=%22Mine Safety and Health Administration%22
No match found
--------------------
us us-gov-mms Minerals Management Service
http://api.ror.org/organizations?filter=types:Government,country.country_code:US&query=%22Minerals Management Service%22
No match found
--------------------
us us-gov-nasa National Aeronautics and Space Administration
http://api.ror.org/organizations?filter=types:Government,country.country_code:US&query=%22National Aeronautics and Space Administration%22
Unique match found
ROR id set
ROR JSON saved
--------------------
us us-gov-nass National Agricultural Statistics Service
http://api.ror.org/organizations?filter=types:Government,country.country_code:US&query=%22National Agricultural Statistics Service%22
Unique match found
ROR id set
ROR JSON saved
--------------------
us us-gov-nci National Cancer Institute
http://api.ror.org/organizations?filter=types:Government,country.country_code:US&query=%22National Cancer Institute%22
Unique match found
ROR id set
ROR JSON saved
--------------------
us us-gov-nccam National Center for Complementary and Alternative Medicine
http://api.ror.org/organizations?filter=types:Government,country.country_code:US&query=%22National Center for Complementary and Alternative Medicine%22
No match found
--------------------
us us-gov-ncee National Center for Education Evaluation and Regional Assistance
http://api.ror.org/organizations?filter=types:Government,country.country_code:US&query=%22National Center for Education Evaluation and Regional Assistance%22
No match found
--------------------
us us-gov-nces National Center for Education Statistics
http://api.ror.org/organizations?filter=types:Government,country.country_code:US&query=%22National Center for Education Statistics%22
No match found
--------------------
us us-gov-nchs National Center for Health Statistics
http://api.ror.org/organizations?filter=types:Government,country.country_code:US&query=%22National Center for Health Statistics%22
ROR id already set
--------------------
us us-gov-nei National Eye Institute
http://api.ror.org/organizations?filter=types:Government,country.country_code:US&query=%22National Eye Institute%22
No match found
--------------------
us us-gov-nhlbi National Heart, Lung and Blood Institute
http://api.ror.org/organizations?filter=types:Government,country.country_code:US&query=%22National Heart, Lung and Blood Institute%22
No match found
--------------------
us us-gov-nhtsa National Highway Traffic Safety Administration
http://api.ror.org/organizations?filter=types:Government,country.country_code:US&query=%22National Highway Traffic Safety Administration%22
Unique match found
ROR id set
ROR JSON saved
--------------------
us us-gov-niaid National Institute of Allergy and Infectious Disease
http://api.ror.org/organizations?filter=types:Government,country.country_code:US&query=%22National Institute of Allergy and Infectious Disease%22
No match found
--------------------
us us-gov-niams National Institute of Arthritis and Musculoskeletal and Skin Disease
http://api.ror.org/organizations?filter=types:Government,country.country_code:US&query=%22National Institute of Arthritis and Musculoskeletal and Skin Disease%22
No match found
--------------------
us us-gov-nibib National Institute of Biomedical Imaging and Bioengineering
http://api.ror.org/organizations?filter=types:Government,country.country_code:US&query=%22National Institute of Biomedical Imaging and Bioengineering%22
No match found
--------------------
us us-gov-nichd National Institute of Child Health and Human Development
http://api.ror.org/organizations?filter=types:Government,country.country_code:US&query=%22National Institute of Child Health and Human Development%22
No match found
--------------------
us us-gov-nidcr National Institute of Dental and Craniofacial Research
http://api.ror.org/organizations?filter=types:Government,country.country_code:US&query=%22National Institute of Dental and Craniofacial Research%22
No match found
--------------------
us us-gov-niddk National Institute of Diabetes and Digestive and Kidney Diseases
http://api.ror.org/organizations?filter=types:Government,country.country_code:US&query=%22National Institute of Diabetes and Digestive and Kidney Diseases%22
No match found
--------------------
us us-gov-nimh National Institute of Mental Health
http://api.ror.org/organizations?filter=types:Government,country.country_code:US&query=%22National Institute of Mental Health%22
No match found
--------------------
us us-gov-nia National Institute on Aging
http://api.ror.org/organizations?filter=types:Government,country.country_code:US&query=%22National Institute on Aging%22
No match found
--------------------
us us-gov-niaaa National Institute on Alcohol Abuse and Alcoholism
http://api.ror.org/organizations?filter=types:Government,country.country_code:US&query=%22National Institute on Alcohol Abuse and Alcoholism%22
No match found
--------------------
us us-gov-nidcd National Institute on Deafness and Other Communication Disorders
http://api.ror.org/organizations?filter=types:Government,country.country_code:US&query=%22National Institute on Deafness and Other Communication Disorders%22
No match found
--------------------
us us-gov-nidrr National Institute on Disability and Rehabilitation Research
http://api.ror.org/organizations?filter=types:Government,country.country_code:US&query=%22National Institute on Disability and Rehabilitation Research%22
No match found
--------------------
us us-gov-nida National Institute on Drug Abuse
http://api.ror.org/organizations?filter=types:Government,country.country_code:US&query=%22National Institute on Drug Abuse%22
No match found
--------------------
us us-gov-nih National Institutes of Health
http://api.ror.org/organizations?filter=types:Government,country.country_code:US&query=%22National Institutes of Health%22
Unique match found
ROR id set
ROR JSON saved
--------------------
us us-gov-nmfs National Marine Fisheries Service
http://api.ror.org/organizations?filter=types:Government,country.country_code:US&query=%22National Marine Fisheries Service%22
Unique match found
ROR id set
ROR JSON saved
--------------------
us us-gov-noaa National Oceanic and Atmospheric Administration
http://api.ror.org/organizations?filter=types:Government,country.country_code:US&query=%22National Oceanic and Atmospheric Administration%22
Unique match found
ROR id set
ROR JSON saved
--------------------
us us-gov-nps National Park Service
http://api.ror.org/organizations?filter=types:Government,country.country_code:US&query=%22National Park Service%22
Unique match found
ROR id set
ROR JSON saved
--------------------
us us-gov-nrcs Natural Resources Conservation Service
http://api.ror.org/organizations?filter=types:Government,country.country_code:US&query=%22Natural Resources Conservation Service%22
Unique match found
ROR id set
ROR JSON saved
--------------------
us us-gov-srs National Science Foundation, Science Resources Statistics
http://api.ror.org/organizations?filter=types:Government,country.country_code:US&query=%22National Science Foundation, Science Resources Statistics%22
No match found
--------------------
us us-gov-osha Occupational Safety and Health Administration
http://api.ror.org/organizations?filter=types:Government,country.country_code:US&query=%22Occupational Safety and Health Administration%22
No match found
--------------------
us us-gov-ofheo Office of Federal Housing Enterprise Oversight
http://api.ror.org/organizations?filter=types:Government,country.country_code:US&query=%22Office of Federal Housing Enterprise Oversight%22
No match found
--------------------
us us-gov-eh Office of Health, Safety, and Security
http://api.ror.org/organizations?filter=types:Government,country.country_code:US&query=%22Office of Health, Safety, and Security%22
No match found
--------------------
us us-gov-ois Office of Immigration Statistics
http://api.ror.org/organizations?filter=types:Government,country.country_code:US&query=%22Office of Immigration Statistics%22
No match found
--------------------
us us-gov-omb Office of Management and Budget
http://api.ror.org/organizations?filter=types:Government,country.country_code:US&query=%22Office of Management and Budget%22
No match found
--------------------
us us-gov-opepd Office of Planning, Evaluation, and Policy
http://api.ror.org/organizations?filter=types:Government,country.country_code:US&query=%22Office of Planning, Evaluation, and Policy%22
No match found
--------------------
us us-gov-pdr Office of Policy Development and Research
http://api.ror.org/organizations?filter=types:Government,country.country_code:US&query=%22Office of Policy Development and Research%22
No match found
--------------------
us us-gov-opa Office of Population Affairs
http://api.ror.org/organizations?filter=types:Government,country.country_code:US&query=%22Office of Population Affairs%22
No match found
--------------------
us us-gov-pih Office of Public and Indian Housing
http://api.ror.org/organizations?filter=types:Government,country.country_code:US&query=%22Office of Public and Indian Housing%22
No match found
--------------------
us us-gov-housing Office of the Assistant Secretary for Housing
http://api.ror.org/organizations?filter=types:Government,country.country_code:US&query=%22Office of the Assistant Secretary for Housing%22
No match found
--------------------
us us-gov-oaspe Office of the Assistant Secretary for Planning and Evaluation
http://api.ror.org/organizations?filter=types:Government,country.country_code:US&query=%22Office of the Assistant Secretary for Planning and Evaluation%22
Unique match found
ROR id set
ROR JSON saved
--------------------
us us-gov-ost Office of the Secretary, Dept of Transportation
http://api.ror.org/organizations?filter=types:Government,country.country_code:US&query=%22Office of the Secretary, Dept of Transportation%22
No match found
--------------------
us us-gov-pto Patent and Trademark Office
http://api.ror.org/organizations?filter=types:Government,country.country_code:US&query=%22Patent and Trademark Office%22
Unique match found
ROR id set
ROR JSON saved
--------------------
us us-gov-phmsa Pipeline and Hazardous Materials Safety Administration
http://api.ror.org/organizations?filter=types:Government,country.country_code:US&query=%22Pipeline and Hazardous Materials Safety Administration%22
No match found
--------------------
us us-gov-pd Preparedness Directorate
http://api.ror.org/organizations?filter=types:Government,country.country_code:US&query=%22Preparedness Directorate%22
No match found
--------------------
us us-gov-sba Small Business Administration
http://api.ror.org/organizations?filter=types:Government,country.country_code:US&query=%22Small Business Administration%22
Unique match found
ROR id set
ROR JSON saved
--------------------
us us-gov-ssa Social Security Administration, Office of Policy
http://api.ror.org/organizations?filter=types:Government,country.country_code:US&query=%22Social Security Administration, Office of Policy%22
No match found
--------------------
us us-gov-soi Statistics of Income
http://api.ror.org/organizations?filter=types:Government,country.country_code:US&query=%22Statistics of Income%22
No match found
--------------------
us us-gov-samhsa Substance Abuse and Mental Health Services Administration
http://api.ror.org/organizations?filter=types:Government,country.country_code:US&query=%22Substance Abuse and Mental Health Services Administration%22
Unique match found
ROR id set
ROR JSON saved
--------------------
us us-gov-usgs United States Geological Survey
http://api.ror.org/organizations?filter=types:Government,country.country_code:US&query=%22United States Geological Survey%22
Unique match found
ROR id set
ROR JSON saved
